
mom3.elf:     file format elf32-littlearm


Disassembly of section .text:

20000000 <i-0x8>:
@	STRB	R0,[R2]
@	.ALIGN
@ s:	.SPACE	2
@ c:	.SPACE	1

	LDR	R1,=i
20000000:	4903      	ldr	r1, [pc, #12]	; (20000010 <s+0x4>)
	LDR	R2,=s
20000002:	4a04      	ldr	r2, [pc, #16]	; (20000014 <s+0x8>)
	LDR	R0,[R1]
20000004:	6808      	ldr	r0, [r1, #0]
	STRH	R0,[R2]
20000006:	8010      	strh	r0, [r2, #0]

20000008 <i>:
20000008:	00000000 	.word	0x00000000

2000000c <s>:
2000000c:	00000000 	.word	0x00000000
20000010:	20000008 	.word	0x20000008
20000014:	2000000c 	.word	0x2000000c

20000018 <__bss_end__>:
	...

20001000 <heap_low>:
	...

20001800 <heap_top>:
	...